============================= test session starts ==============================
platform linux -- Python 3.13.5, pytest-8.3.5, pluggy-1.5.0
rootdir: /home/edada/Documents/dada-engine-solver
configfile: pyproject.toml
testpaths: tests
plugins: anyio-4.8.0, hypothesis-6.130.5, typeguard-4.4.2, sardana-3.5.1
collected 428 items

tests/test_adaptive_wall_acceleration.py ...........................     [  6%]
tests/test_adiabatic_cycle.py ..                                         [  6%]
tests/test_air_wall.py .........                                         [  8%]
tests/test_campaign.py ................................................  [ 20%]
tests/test_compact_coupler_frame.py .                                    [ 20%]
tests/test_compact_motion_search.py ..                                   [ 20%]
tests/test_configuration.py ...                                          [ 21%]
tests/test_configuration_loader.py .........                             [ 23%]
tests/test_coupler_projection_geometry.py ..                             [ 24%]
tests/test_domestic_refrigerator.py .......                              [ 25%]
tests/test_doty.py ...................                                   [ 30%]
tests/test_dynamics.py .....                                             [ 31%]
tests/test_event_continuity.py .                                         [ 31%]
tests/test_exchanger_configuration.py ..                                 [ 32%]
tests/test_exchanger_coupling.py ...                                     [ 32%]
tests/test_exchanger_duty.py ........                                    [ 34%]
tests/test_exchanger_hardware.py .......                                 [ 36%]
tests/test_exchanger_hydraulic_comparison.py .                           [ 36%]
tests/test_exchanger_hydraulic_validity.py ..                            [ 36%]
tests/test_exchanger_optimization.py ..                                  [ 37%]
tests/test_exchangers.py .......                                         [ 39%]
tests/test_feasibility.py ......                                         [ 40%]
tests/test_fluids.py ...                                                 [ 41%]
tests/test_four_bar.py ..........                                        [ 43%]
tests/test_four_stage_kinematics.py .......                              [ 45%]
tests/test_free_kinematics.py ..................                         [ 49%]
tests/test_geometry.py ..                                                [ 49%]
tests/test_heat_transfer.py ..                                           [ 50%]
tests/test_humidity.py .....                                             [ 51%]
tests/test_hydraulics.py ...........                                     [ 53%]
tests/test_independent_four_stage_kinematics.py ..........               [ 56%]
tests/test_kinematics.py ...                                             [ 57%]
tests/test_machine_injection.py .....                                    [ 58%]
tests/test_mechanical_optimization.py .                                  [ 58%]
tests/test_mechanics.py ...                                              [ 59%]
tests/test_mechanism_animation.py ..                                     [ 59%]
tests/test_microtube_gas_model.py ............................           [ 66%]
tests/test_microtube_geometry.py .....                                   [ 67%]
tests/test_model_interfaces.py ........                                  [ 69%]
tests/test_motor.py ....................                                 [ 73%]
tests/test_pareto.py ..                                                  [ 74%]
tests/test_performance.py .                                              [ 74%]
tests/test_periodic.py ..                                                [ 75%]
tests/test_results.py .                                                  [ 75%]
tests/test_similarity.py ......                                          [ 76%]
tests/test_six_bar.py ........                                           [ 78%]
tests/test_sizing.py ................                                    [ 82%]
tests/test_sizing_configuration.py ..                                    [ 82%]
tests/test_sizing_optimizer.py ..                                        [ 83%]
tests/test_slider_crank_comparison.py ....                               [ 84%]
tests/test_small_rocker_e_search.py ....                                 [ 85%]
tests/test_solver_acceleration.py .....................................  [ 93%]
tests/test_state.py ...                                                  [ 94%]
tests/test_thermal_loads.py ...                                          [ 95%]
tests/test_topology.py ......                                            [ 96%]
tests/test_two_sided_exchanger.py ..                                     [ 96%]
tests/test_validity.py ..                                                [ 97%]
tests/test_valves.py ....                                                [ 98%]
tests/test_verification.py ..                                            [ 98%]
tests/test_wall_iteration.py .....                                       [100%]

=============================== warnings summary ===============================
tests/test_microtube_gas_model.py: 68 warnings
  /home/edada/Documents/dada-engine-solver/src/dada_solver/exchangers/gas_diagnostics.py:39: DeprecationWarning: `trapz` is deprecated. Use `trapezoid` instead, or one of the numerical integration functions in `scipy.integrate`.
    integrate=lambda y: float(np.trapz(np.asarray(y,dtype=float),time))

-- Docs: https://docs.pytest.org/en/stable/how-to/capture-warnings.html
====================== 428 passed, 68 warnings in 35.03s =======================
